segment tree a: 
{0,0} {9,13} {8,10} {9,13} {5,9} {8,10} {9,13} {0,0} {2,8} {5,9} {8,10} {3,11} {6,12} {9,13} {0,0} {0,0} 
segment tree b: 
{0,0} {8,13} {5,11} {8,13} {4,8} {5,11} {8,13} {0,0} {4,8} {1,9} {3,10} {5,11} {7,12} {8,13} {0,0} {0,0} 
=======================================
p= 2;q= 4
x= 5;y= 3
x= 5;y= 8
x= 5;y= -1321342903
x= 5;y= 0
x= 8;y= 0
x= 9;y= 0
x= 8;y= 3
t1.ss= 10
t2.ss= 0
t3.ss= 13
t4.ss= 13
x= 1;y= 5
x= 1;y= 5
t1.ss= 11
x= 1;y= 15364256
x= 1;y= 15364256
x= 5;y= 15364256
x= 8;y= 15364256
x= -1;y= 5
t1.ss= 11
t2.ss= 0
t3.ss= 0
t4.ss= 11
=======================================
p= 5;q= 6
kq1= 15;kq2= 15
=======================================
p= 1;q= 5
x= 2;y= 6
x= 5;y= 6
x= 8;y= 6
x= 2;y= -1321342903
x= 5;y= 0
x= 8;y= 0
x= 9;y= 0
x= 8;y= 6
t1.ss= 10
t2.ss= 0
t3.ss= 13
t4.ss= 13
x= 4;y= 7
x= 4;y= 7
x= 5;y= 7
t1.ss= 12
x= 4;y= 15204688
x= 4;y= 15364256
x= 5;y= 15364256
x= 8;y= 15364256
x= 0;y= 7
t1.ss= 12
t2.ss= 0
t3.ss= 0
t4.ss= 12
0 2
Time: 0.002 sec